2021-03-13 19:41:05.770  INFO 11764 --- [restartedMain] com.ami.ApplicationStart                 : Starting ApplicationStart on WIN-SDAVP8U2FHS with PID 11764 (D:\IdeaProjects\amiblog\target\classes started by Administrator in D:\IdeaProjects\amiblog)
2021-03-13 19:41:05.815  INFO 11764 --- [restartedMain] com.ami.ApplicationStart                 : No active profile set, falling back to default profiles: default
2021-03-13 19:41:06.535  INFO 11764 --- [restartedMain] .e.DevToolsPropertyDefaultsPostProcessor : Devtools property defaults active! Set 'spring.devtools.add-properties' to 'false' to disable
2021-03-13 19:41:06.535  INFO 11764 --- [restartedMain] .e.DevToolsPropertyDefaultsPostProcessor : For additional web related logging consider setting the 'logging.level.web' property to 'DEBUG'
2021-03-13 19:41:13.170  INFO 11764 --- [restartedMain] o.s.b.w.embedded.tomcat.TomcatWebServer  : Tomcat initialized with port(s): 8080 (http)
2021-03-13 19:41:13.245  INFO 11764 --- [restartedMain] o.apache.catalina.core.StandardService   : Starting service [Tomcat]
2021-03-13 19:41:13.245  INFO 11764 --- [restartedMain] org.apache.catalina.core.StandardEngine  : Starting Servlet engine: [Apache Tomcat/9.0.31]
2021-03-13 19:41:13.570  INFO 11764 --- [restartedMain] o.a.c.c.C.[Tomcat].[localhost].[/]       : Initializing Spring embedded WebApplicationContext
2021-03-13 19:41:13.570  INFO 11764 --- [restartedMain] o.s.web.context.ContextLoader            : Root WebApplicationContext: initialization completed in 7035 ms
2021-03-13 19:41:15.616  INFO 11764 --- [restartedMain] o.s.s.concurrent.ThreadPoolTaskExecutor  : Initializing ExecutorService 'applicationTaskExecutor'
2021-03-13 19:41:16.000  INFO 11764 --- [restartedMain] o.s.b.a.w.s.WelcomePageHandlerMapping    : Adding welcome page template: index
2021-03-13 19:41:17.985  INFO 11764 --- [restartedMain] o.s.b.d.a.OptionalLiveReloadServer       : LiveReload server is running on port 35729
2021-03-13 19:41:18.070  INFO 11764 --- [restartedMain] o.s.b.w.embedded.tomcat.TomcatWebServer  : Tomcat started on port(s): 8080 (http) with context path ''
2021-03-13 19:41:18.095  INFO 11764 --- [restartedMain] com.ami.ApplicationStart                 : Started ApplicationStart in 15.444 seconds (JVM running for 20.836)
2021-03-13 19:41:48.160  INFO 11764 --- [http-nio-8080-exec-1] o.a.c.c.C.[Tomcat].[localhost].[/]       : Initializing Spring DispatcherServlet 'dispatcherServlet'
2021-03-13 19:41:48.161  INFO 11764 --- [http-nio-8080-exec-1] o.s.web.servlet.DispatcherServlet        : Initializing Servlet 'dispatcherServlet'
2021-03-13 19:41:48.222  INFO 11764 --- [http-nio-8080-exec-1] o.s.web.servlet.DispatcherServlet        : Completed initialization in 61 ms
2021-03-13 19:41:48.432  INFO 11764 --- [http-nio-8080-exec-1] com.zaxxer.hikari.HikariDataSource       : HikariPool-1 - Starting...
2021-03-13 19:41:49.700  INFO 11764 --- [http-nio-8080-exec-1] com.zaxxer.hikari.HikariDataSource       : HikariPool-1 - Start completed.
2021-03-13 19:42:52.229  WARN 11764 --- [http-nio-8080-exec-6] o.a.c.util.SessionIdGeneratorBase        : Creation of SecureRandom instance for session ID generation using [SHA1PRNG] took [762] milliseconds.
